<?xml version="1.0" encoding="UTF-8"?>
<testsuite name="com.nbp.NBP.xmlTest.XmlTestSuite" tests="2" skipped="0" failures="0" errors="0" timestamp="2024-03-23T10:01:05" hostname="MICHAL" time="0.498">
  <properties/>
  <testcase name="testCreatingXmlFileFor20231003()" classname="com.nbp.NBP.xmlTest.XmlTestSuite" time="0.262"/>
  <testcase name="testCreatingXmlFileFor20231010()" classname="com.nbp.NBP.xmlTest.XmlTestSuite" time="0.236"/>
  <system-out><![CDATA[2024-03-23 11:01:05.719  INFO 3120 --- [    Test worker] .b.t.c.SpringBootTestContextBootstrapper : Neither @ContextConfiguration nor @ContextHierarchy found for test class [com.nbp.NBP.xmlTest.XmlTestSuite], using SpringBootContextLoader
2024-03-23 11:01:05.719  INFO 3120 --- [    Test worker] o.s.t.c.support.AbstractContextLoader    : Could not detect default resource locations for test class [com.nbp.NBP.xmlTest.XmlTestSuite]: no resource found for suffixes {-context.xml, Context.groovy}.
2024-03-23 11:01:05.719  INFO 3120 --- [    Test worker] t.c.s.AnnotationConfigContextLoaderUtils : Could not detect default configuration classes for test class [com.nbp.NBP.xmlTest.XmlTestSuite]: XmlTestSuite does not declare any static, non-private, non-final, nested classes annotated with @Configuration.
2024-03-23 11:01:05.722  INFO 3120 --- [    Test worker] .b.t.c.SpringBootTestContextBootstrapper : Found @SpringBootConfiguration com.nbp.NBP.NbpApplication for test class com.nbp.NBP.xmlTest.XmlTestSuite
2024-03-23 11:01:05.723  INFO 3120 --- [    Test worker] .b.t.c.SpringBootTestContextBootstrapper : Loaded default TestExecutionListener class names from location [META-INF/spring.factories]: [org.springframework.boot.test.autoconfigure.restdocs.RestDocsTestExecutionListener, org.springframework.boot.test.autoconfigure.web.client.MockRestServiceServerResetTestExecutionListener, org.springframework.boot.test.autoconfigure.web.servlet.MockMvcPrintOnlyOnFailureTestExecutionListener, org.springframework.boot.test.autoconfigure.web.servlet.WebDriverTestExecutionListener, org.springframework.boot.test.autoconfigure.webservices.client.MockWebServiceServerTestExecutionListener, org.springframework.boot.test.mock.mockito.MockitoTestExecutionListener, org.springframework.boot.test.mock.mockito.ResetMocksTestExecutionListener, org.springframework.test.context.web.ServletTestExecutionListener, org.springframework.test.context.support.DirtiesContextBeforeModesTestExecutionListener, org.springframework.test.context.event.ApplicationEventsTestExecutionListener, org.springframework.test.context.support.DependencyInjectionTestExecutionListener, org.springframework.test.context.support.DirtiesContextTestExecutionListener, org.springframework.test.context.transaction.TransactionalTestExecutionListener, org.springframework.test.context.jdbc.SqlScriptsTestExecutionListener, org.springframework.test.context.event.EventPublishingTestExecutionListener]
2024-03-23 11:01:05.723  INFO 3120 --- [    Test worker] .b.t.c.SpringBootTestContextBootstrapper : Using TestExecutionListeners: [org.springframework.test.context.web.ServletTestExecutionListener@1e8b0ab5, org.springframework.test.context.support.DirtiesContextBeforeModesTestExecutionListener@7ef34eb3, org.springframework.test.context.event.ApplicationEventsTestExecutionListener@2719139f, org.springframework.boot.test.mock.mockito.MockitoTestExecutionListener@5dfc7b3f, org.springframework.boot.test.autoconfigure.SpringBootDependencyInjectionTestExecutionListener@1b641c97, org.springframework.test.context.support.DirtiesContextTestExecutionListener@7f065f9e, org.springframework.test.context.transaction.TransactionalTestExecutionListener@106c3e0a, org.springframework.test.context.jdbc.SqlScriptsTestExecutionListener@2e778abb, org.springframework.test.context.event.EventPublishingTestExecutionListener@154cbb46, org.springframework.boot.test.autoconfigure.restdocs.RestDocsTestExecutionListener@58fbecde, org.springframework.boot.test.autoconfigure.web.client.MockRestServiceServerResetTestExecutionListener@299615a5, org.springframework.boot.test.autoconfigure.web.servlet.MockMvcPrintOnlyOnFailureTestExecutionListener@3ba6707e, org.springframework.boot.test.autoconfigure.web.servlet.WebDriverTestExecutionListener@4b407ac7, org.springframework.boot.test.autoconfigure.webservices.client.MockWebServiceServerTestExecutionListener@4c5ae26d, org.springframework.boot.test.mock.mockito.ResetMocksTestExecutionListener@5578ed7e]
2023-01-03
2024-03-23 11:01:05.770  INFO 3120 --- [    Test worker] com.nbp.NBP.service.NbpService           : {"table":"C","currency":"dolar amerykański","code":"USD","rates":[{"no":"002/C/NBP/2023","effectiveDate":"2023-01-03","bid":4.3358,"ask":4.4234}]}
2023-01-03
2024-03-23 11:01:05.844  INFO 3120 --- [    Test worker] com.nbp.NBP.service.NbpService           : {"table":"C","currency":"dolar amerykański","code":"USD","rates":[{"no":"002/C/NBP/2023","effectiveDate":"2023-01-03","bid":4.3358,"ask":4.4234}]}
2023-01-03
2024-03-23 11:01:05.918  INFO 3120 --- [    Test worker] com.nbp.NBP.service.NbpService           : {"table":"C","currency":"dolar amerykański","code":"USD","rates":[{"no":"002/C/NBP/2023","effectiveDate":"2023-01-03","bid":4.3358,"ask":4.4234}]}
Invoice(itemList=[Computer(name=Acer, postingDate=2023-01-03, costUsd=345.0, costPln=1495.85), Computer(name=Acer, postingDate=2023-01-03, costUsd=543.0, costPln=2354.34), Computer(name=Acer, postingDate=2023-01-03, costUsd=346.0, costPln=1500.19)])
2023-01-10
2024-03-23 11:01:06.030  INFO 3120 --- [    Test worker] com.nbp.NBP.service.NbpService           : {"table":"C","currency":"dolar amerykański","code":"USD","rates":[{"no":"006/C/NBP/2023","effectiveDate":"2023-01-10","bid":4.3321,"ask":4.4197}]}
2023-01-10
2024-03-23 11:01:06.105  INFO 3120 --- [    Test worker] com.nbp.NBP.service.NbpService           : {"table":"C","currency":"dolar amerykański","code":"USD","rates":[{"no":"006/C/NBP/2023","effectiveDate":"2023-01-10","bid":4.3321,"ask":4.4197}]}
2023-01-10
2024-03-23 11:01:06.176  INFO 3120 --- [    Test worker] com.nbp.NBP.service.NbpService           : {"table":"C","currency":"dolar amerykański","code":"USD","rates":[{"no":"006/C/NBP/2023","effectiveDate":"2023-01-10","bid":4.3321,"ask":4.4197}]}
Invoice(itemList=[Computer(name=Acer, postingDate=2023-01-10, costUsd=345.0, costPln=1494.57), Computer(name=Acer, postingDate=2023-01-10, costUsd=543.0, costPln=2352.33), Computer(name=Acer, postingDate=2023-01-10, costUsd=346.0, costPln=1498.91)])
]]></system-out>
  <system-err><![CDATA[]]></system-err>
</testsuite>
