<?xml version="1.0" encoding="UTF-8"?>
<testsuite name="com.nbp.NBP.databaseTest.DatabaseTestSuite" tests="4" skipped="0" failures="0" errors="0" timestamp="2024-03-23T10:01:02" hostname="MICHAL" time="2.995">
  <properties/>
  <testcase name="testForGetByDate()" classname="com.nbp.NBP.databaseTest.DatabaseTestSuite" time="1.46"/>
  <testcase name="testForSortByDate()" classname="com.nbp.NBP.databaseTest.DatabaseTestSuite" time="0.578"/>
  <testcase name="testForSortByName()" classname="com.nbp.NBP.databaseTest.DatabaseTestSuite" time="0.47"/>
  <testcase name="testForGetByAnyString()" classname="com.nbp.NBP.databaseTest.DatabaseTestSuite" time="0.484"/>
  <system-out><![CDATA[2024-03-23 11:01:02.712  INFO 3120 --- [    Test worker] .b.t.c.SpringBootTestContextBootstrapper : Neither @ContextConfiguration nor @ContextHierarchy found for test class [com.nbp.NBP.databaseTest.DatabaseTestSuite], using SpringBootContextLoader
2024-03-23 11:01:02.712  INFO 3120 --- [    Test worker] o.s.t.c.support.AbstractContextLoader    : Could not detect default resource locations for test class [com.nbp.NBP.databaseTest.DatabaseTestSuite]: no resource found for suffixes {-context.xml, Context.groovy}.
2024-03-23 11:01:02.712  INFO 3120 --- [    Test worker] t.c.s.AnnotationConfigContextLoaderUtils : Could not detect default configuration classes for test class [com.nbp.NBP.databaseTest.DatabaseTestSuite]: DatabaseTestSuite does not declare any static, non-private, non-final, nested classes annotated with @Configuration.
2024-03-23 11:01:02.716  INFO 3120 --- [    Test worker] .b.t.c.SpringBootTestContextBootstrapper : Found @SpringBootConfiguration com.nbp.NBP.NbpApplication for test class com.nbp.NBP.databaseTest.DatabaseTestSuite
2024-03-23 11:01:02.717  INFO 3120 --- [    Test worker] .b.t.c.SpringBootTestContextBootstrapper : Loaded default TestExecutionListener class names from location [META-INF/spring.factories]: [org.springframework.boot.test.autoconfigure.restdocs.RestDocsTestExecutionListener, org.springframework.boot.test.autoconfigure.web.client.MockRestServiceServerResetTestExecutionListener, org.springframework.boot.test.autoconfigure.web.servlet.MockMvcPrintOnlyOnFailureTestExecutionListener, org.springframework.boot.test.autoconfigure.web.servlet.WebDriverTestExecutionListener, org.springframework.boot.test.autoconfigure.webservices.client.MockWebServiceServerTestExecutionListener, org.springframework.boot.test.mock.mockito.MockitoTestExecutionListener, org.springframework.boot.test.mock.mockito.ResetMocksTestExecutionListener, org.springframework.test.context.web.ServletTestExecutionListener, org.springframework.test.context.support.DirtiesContextBeforeModesTestExecutionListener, org.springframework.test.context.event.ApplicationEventsTestExecutionListener, org.springframework.test.context.support.DependencyInjectionTestExecutionListener, org.springframework.test.context.support.DirtiesContextTestExecutionListener, org.springframework.test.context.transaction.TransactionalTestExecutionListener, org.springframework.test.context.jdbc.SqlScriptsTestExecutionListener, org.springframework.test.context.event.EventPublishingTestExecutionListener]
2024-03-23 11:01:02.717  INFO 3120 --- [    Test worker] .b.t.c.SpringBootTestContextBootstrapper : Using TestExecutionListeners: [org.springframework.test.context.web.ServletTestExecutionListener@4a249610, org.springframework.test.context.support.DirtiesContextBeforeModesTestExecutionListener@ebbbe20, org.springframework.test.context.event.ApplicationEventsTestExecutionListener@279e85eb, org.springframework.boot.test.mock.mockito.MockitoTestExecutionListener@4cb59398, org.springframework.boot.test.autoconfigure.SpringBootDependencyInjectionTestExecutionListener@22cf1808, org.springframework.test.context.support.DirtiesContextTestExecutionListener@7156f8cf, org.springframework.test.context.transaction.TransactionalTestExecutionListener@22349ad3, org.springframework.test.context.jdbc.SqlScriptsTestExecutionListener@42fdf45e, org.springframework.test.context.event.EventPublishingTestExecutionListener@1828ab51, org.springframework.boot.test.autoconfigure.restdocs.RestDocsTestExecutionListener@5e7ea81b, org.springframework.boot.test.autoconfigure.web.client.MockRestServiceServerResetTestExecutionListener@589a4305, org.springframework.boot.test.autoconfigure.web.servlet.MockMvcPrintOnlyOnFailureTestExecutionListener@7568134c, org.springframework.boot.test.autoconfigure.web.servlet.WebDriverTestExecutionListener@28c75c93, org.springframework.boot.test.autoconfigure.webservices.client.MockWebServiceServerTestExecutionListener@35217e0, org.springframework.boot.test.mock.mockito.ResetMocksTestExecutionListener@95aeee4]
2024-03-23 11:01:02.731  INFO 3120 --- [    Test worker] o.s.t.c.transaction.TransactionContext   : Began transaction (1) for test context [DefaultTestContext@613ba54e testClass = DatabaseTestSuite, testInstance = com.nbp.NBP.databaseTest.DatabaseTestSuite@27422187, testMethod = testForGetByDate@DatabaseTestSuite, testException = [null], mergedContextConfiguration = [WebMergedContextConfiguration@7205a8b7 testClass = DatabaseTestSuite, locations = '{}', classes = '{class com.nbp.NBP.NbpApplication}', contextInitializerClasses = '[]', activeProfiles = '{}', propertySourceLocations = '{}', propertySourceProperties = '{org.springframework.boot.test.context.SpringBootTestContextBootstrapper=true}', contextCustomizers = set[org.springframework.boot.test.autoconfigure.actuate.metrics.MetricsExportContextCustomizerFactory$DisableMetricExportContextCustomizer@6bca7e0d, org.springframework.boot.test.autoconfigure.properties.PropertyMappingContextCustomizer@0, org.springframework.boot.test.autoconfigure.web.servlet.WebDriverContextCustomizerFactory$Customizer@1f3f02ee, org.springframework.boot.test.context.filter.ExcludeFilterContextCustomizer@7b94089b, org.springframework.boot.test.json.DuplicateJsonObjectContextCustomizerFactory$DuplicateJsonObjectContextCustomizer@561868a0, org.springframework.boot.test.mock.mockito.MockitoContextCustomizer@0, org.springframework.boot.test.web.client.TestRestTemplateContextCustomizer@5a18cd76, org.springframework.boot.test.context.SpringBootTestArgs@1, org.springframework.boot.test.context.SpringBootTestWebEnvironment@10163d6], resourceBasePath = 'src/main/webapp', contextLoader = 'org.springframework.boot.test.context.SpringBootContextLoader', parent = [null]], attributes = map['org.springframework.test.context.web.ServletTestExecutionListener.activateListener' -> true, 'org.springframework.test.context.web.ServletTestExecutionListener.populatedRequestContextHolder' -> true, 'org.springframework.test.context.web.ServletTestExecutionListener.resetRequestContextHolder' -> true, 'org.springframework.test.context.event.ApplicationEventsTestExecutionListener.recordApplicationEvents' -> false]]; transaction manager [org.springframework.orm.jpa.JpaTransactionManager@7f39ad3f]; rollback [true]
2023-01-03
2024-03-23 11:01:03.457  INFO 3120 --- [    Test worker] com.nbp.NBP.service.NbpService           : {"table":"C","currency":"dolar amerykański","code":"USD","rates":[{"no":"002/C/NBP/2023","effectiveDate":"2023-01-03","bid":4.3358,"ask":4.4234}]}
2023-01-03
2024-03-23 11:01:03.760  INFO 3120 --- [    Test worker] com.nbp.NBP.service.NbpService           : {"table":"C","currency":"dolar amerykański","code":"USD","rates":[{"no":"002/C/NBP/2023","effectiveDate":"2023-01-03","bid":4.3358,"ask":4.4234}]}
2023-01-03
2024-03-23 11:01:03.845  INFO 3120 --- [    Test worker] com.nbp.NBP.service.NbpService           : {"table":"C","currency":"dolar amerykański","code":"USD","rates":[{"no":"002/C/NBP/2023","effectiveDate":"2023-01-03","bid":4.3358,"ask":4.4234}]}
2023-01-10
2024-03-23 11:01:03.935  INFO 3120 --- [    Test worker] com.nbp.NBP.service.NbpService           : {"table":"C","currency":"dolar amerykański","code":"USD","rates":[{"no":"006/C/NBP/2023","effectiveDate":"2023-01-10","bid":4.3321,"ask":4.4197}]}
2023-01-10
2024-03-23 11:01:04.021  INFO 3120 --- [    Test worker] com.nbp.NBP.service.NbpService           : {"table":"C","currency":"dolar amerykański","code":"USD","rates":[{"no":"006/C/NBP/2023","effectiveDate":"2023-01-10","bid":4.3321,"ask":4.4197}]}
2023-01-10
2024-03-23 11:01:04.105  INFO 3120 --- [    Test worker] com.nbp.NBP.service.NbpService           : {"table":"C","currency":"dolar amerykański","code":"USD","rates":[{"no":"006/C/NBP/2023","effectiveDate":"2023-01-10","bid":4.3321,"ask":4.4197}]}
ItemDto(id=4, name=Dell, postingDate=2023-01-10, costUsd=345.0, costPln=1494.57)
ItemDto(id=5, name=Samsung, postingDate=2023-01-10, costUsd=543.0, costPln=2352.33)
ItemDto(id=6, name=Acer, postingDate=2023-01-10, costUsd=346.0, costPln=1498.91)
2024-03-23 11:01:04.183  INFO 3120 --- [    Test worker] o.s.t.c.transaction.TransactionContext   : Rolled back transaction for test: [DefaultTestContext@613ba54e testClass = DatabaseTestSuite, testInstance = com.nbp.NBP.databaseTest.DatabaseTestSuite@27422187, testMethod = testForGetByDate@DatabaseTestSuite, testException = [null], mergedContextConfiguration = [WebMergedContextConfiguration@7205a8b7 testClass = DatabaseTestSuite, locations = '{}', classes = '{class com.nbp.NBP.NbpApplication}', contextInitializerClasses = '[]', activeProfiles = '{}', propertySourceLocations = '{}', propertySourceProperties = '{org.springframework.boot.test.context.SpringBootTestContextBootstrapper=true}', contextCustomizers = set[org.springframework.boot.test.autoconfigure.actuate.metrics.MetricsExportContextCustomizerFactory$DisableMetricExportContextCustomizer@6bca7e0d, org.springframework.boot.test.autoconfigure.properties.PropertyMappingContextCustomizer@0, org.springframework.boot.test.autoconfigure.web.servlet.WebDriverContextCustomizerFactory$Customizer@1f3f02ee, org.springframework.boot.test.context.filter.ExcludeFilterContextCustomizer@7b94089b, org.springframework.boot.test.json.DuplicateJsonObjectContextCustomizerFactory$DuplicateJsonObjectContextCustomizer@561868a0, org.springframework.boot.test.mock.mockito.MockitoContextCustomizer@0, org.springframework.boot.test.web.client.TestRestTemplateContextCustomizer@5a18cd76, org.springframework.boot.test.context.SpringBootTestArgs@1, org.springframework.boot.test.context.SpringBootTestWebEnvironment@10163d6], resourceBasePath = 'src/main/webapp', contextLoader = 'org.springframework.boot.test.context.SpringBootContextLoader', parent = [null]], attributes = map['org.springframework.test.context.web.ServletTestExecutionListener.activateListener' -> true, 'org.springframework.test.context.web.ServletTestExecutionListener.populatedRequestContextHolder' -> true, 'org.springframework.test.context.web.ServletTestExecutionListener.resetRequestContextHolder' -> true, 'org.springframework.test.context.event.ApplicationEventsTestExecutionListener.recordApplicationEvents' -> false]]
2024-03-23 11:01:04.184  INFO 3120 --- [    Test worker] o.s.t.c.transaction.TransactionContext   : Began transaction (1) for test context [DefaultTestContext@613ba54e testClass = DatabaseTestSuite, testInstance = com.nbp.NBP.databaseTest.DatabaseTestSuite@834b0f7, testMethod = testForSortByDate@DatabaseTestSuite, testException = [null], mergedContextConfiguration = [WebMergedContextConfiguration@7205a8b7 testClass = DatabaseTestSuite, locations = '{}', classes = '{class com.nbp.NBP.NbpApplication}', contextInitializerClasses = '[]', activeProfiles = '{}', propertySourceLocations = '{}', propertySourceProperties = '{org.springframework.boot.test.context.SpringBootTestContextBootstrapper=true}', contextCustomizers = set[org.springframework.boot.test.autoconfigure.actuate.metrics.MetricsExportContextCustomizerFactory$DisableMetricExportContextCustomizer@6bca7e0d, org.springframework.boot.test.autoconfigure.properties.PropertyMappingContextCustomizer@0, org.springframework.boot.test.autoconfigure.web.servlet.WebDriverContextCustomizerFactory$Customizer@1f3f02ee, org.springframework.boot.test.context.filter.ExcludeFilterContextCustomizer@7b94089b, org.springframework.boot.test.json.DuplicateJsonObjectContextCustomizerFactory$DuplicateJsonObjectContextCustomizer@561868a0, org.springframework.boot.test.mock.mockito.MockitoContextCustomizer@0, org.springframework.boot.test.web.client.TestRestTemplateContextCustomizer@5a18cd76, org.springframework.boot.test.context.SpringBootTestArgs@1, org.springframework.boot.test.context.SpringBootTestWebEnvironment@10163d6], resourceBasePath = 'src/main/webapp', contextLoader = 'org.springframework.boot.test.context.SpringBootContextLoader', parent = [null]], attributes = map['org.springframework.test.context.web.ServletTestExecutionListener.activateListener' -> true, 'org.springframework.test.context.web.ServletTestExecutionListener.populatedRequestContextHolder' -> true, 'org.springframework.test.context.web.ServletTestExecutionListener.resetRequestContextHolder' -> true, 'org.springframework.test.context.event.ApplicationEventsTestExecutionListener.recordApplicationEvents' -> false]]; transaction manager [org.springframework.orm.jpa.JpaTransactionManager@7f39ad3f]; rollback [true]
2023-01-03
2024-03-23 11:01:04.221  INFO 3120 --- [    Test worker] com.nbp.NBP.service.NbpService           : {"table":"C","currency":"dolar amerykański","code":"USD","rates":[{"no":"002/C/NBP/2023","effectiveDate":"2023-01-03","bid":4.3358,"ask":4.4234}]}
2023-01-03
2024-03-23 11:01:04.303  INFO 3120 --- [    Test worker] com.nbp.NBP.service.NbpService           : {"table":"C","currency":"dolar amerykański","code":"USD","rates":[{"no":"002/C/NBP/2023","effectiveDate":"2023-01-03","bid":4.3358,"ask":4.4234}]}
2023-01-03
2024-03-23 11:01:04.382  INFO 3120 --- [    Test worker] com.nbp.NBP.service.NbpService           : {"table":"C","currency":"dolar amerykański","code":"USD","rates":[{"no":"002/C/NBP/2023","effectiveDate":"2023-01-03","bid":4.3358,"ask":4.4234}]}
2023-01-10
2024-03-23 11:01:04.469  INFO 3120 --- [    Test worker] com.nbp.NBP.service.NbpService           : {"table":"C","currency":"dolar amerykański","code":"USD","rates":[{"no":"006/C/NBP/2023","effectiveDate":"2023-01-10","bid":4.3321,"ask":4.4197}]}
2023-01-10
2024-03-23 11:01:04.546  INFO 3120 --- [    Test worker] com.nbp.NBP.service.NbpService           : {"table":"C","currency":"dolar amerykański","code":"USD","rates":[{"no":"006/C/NBP/2023","effectiveDate":"2023-01-10","bid":4.3321,"ask":4.4197}]}
2023-01-10
2024-03-23 11:01:04.624  INFO 3120 --- [    Test worker] com.nbp.NBP.service.NbpService           : {"table":"C","currency":"dolar amerykański","code":"USD","rates":[{"no":"006/C/NBP/2023","effectiveDate":"2023-01-10","bid":4.3321,"ask":4.4197}]}
2015-05-12
2024-03-23 11:01:04.706  INFO 3120 --- [    Test worker] com.nbp.NBP.service.NbpService           : {"table":"C","currency":"dolar amerykański","code":"USD","rates":[{"no":"090/C/NBP/2015","effectiveDate":"2015-05-12","bid":3.6065,"ask":3.6793}]}
Item(id=7, name=Dell, postingDate=2023-01-03, costUsd=345.0, costPln=1495.85)
Item(id=8, name=Samsung, postingDate=2023-01-03, costUsd=543.0, costPln=2354.34)
Item(id=9, name=Acer, postingDate=2023-01-03, costUsd=346.0, costPln=1500.19)
Item(id=10, name=Dell, postingDate=2023-01-10, costUsd=345.0, costPln=1494.57)
Item(id=11, name=Samsung, postingDate=2023-01-10, costUsd=543.0, costPln=2352.33)
Item(id=12, name=Acer, postingDate=2023-01-10, costUsd=346.0, costPln=1498.91)
Item(id=13, name=Lenovo, postingDate=2015-05-12, costUsd=423.0, costPln=1525.55)
ItemDto(id=13, name=Lenovo, postingDate=2015-05-12, costUsd=423.0, costPln=1525.55)
ItemDto(id=7, name=Dell, postingDate=2023-01-03, costUsd=345.0, costPln=1495.85)
ItemDto(id=8, name=Samsung, postingDate=2023-01-03, costUsd=543.0, costPln=2354.34)
ItemDto(id=9, name=Acer, postingDate=2023-01-03, costUsd=346.0, costPln=1500.19)
ItemDto(id=10, name=Dell, postingDate=2023-01-10, costUsd=345.0, costPln=1494.57)
ItemDto(id=11, name=Samsung, postingDate=2023-01-10, costUsd=543.0, costPln=2352.33)
ItemDto(id=12, name=Acer, postingDate=2023-01-10, costUsd=346.0, costPln=1498.91)
2024-03-23 11:01:04.762  INFO 3120 --- [    Test worker] o.s.t.c.transaction.TransactionContext   : Rolled back transaction for test: [DefaultTestContext@613ba54e testClass = DatabaseTestSuite, testInstance = com.nbp.NBP.databaseTest.DatabaseTestSuite@834b0f7, testMethod = testForSortByDate@DatabaseTestSuite, testException = [null], mergedContextConfiguration = [WebMergedContextConfiguration@7205a8b7 testClass = DatabaseTestSuite, locations = '{}', classes = '{class com.nbp.NBP.NbpApplication}', contextInitializerClasses = '[]', activeProfiles = '{}', propertySourceLocations = '{}', propertySourceProperties = '{org.springframework.boot.test.context.SpringBootTestContextBootstrapper=true}', contextCustomizers = set[org.springframework.boot.test.autoconfigure.actuate.metrics.MetricsExportContextCustomizerFactory$DisableMetricExportContextCustomizer@6bca7e0d, org.springframework.boot.test.autoconfigure.properties.PropertyMappingContextCustomizer@0, org.springframework.boot.test.autoconfigure.web.servlet.WebDriverContextCustomizerFactory$Customizer@1f3f02ee, org.springframework.boot.test.context.filter.ExcludeFilterContextCustomizer@7b94089b, org.springframework.boot.test.json.DuplicateJsonObjectContextCustomizerFactory$DuplicateJsonObjectContextCustomizer@561868a0, org.springframework.boot.test.mock.mockito.MockitoContextCustomizer@0, org.springframework.boot.test.web.client.TestRestTemplateContextCustomizer@5a18cd76, org.springframework.boot.test.context.SpringBootTestArgs@1, org.springframework.boot.test.context.SpringBootTestWebEnvironment@10163d6], resourceBasePath = 'src/main/webapp', contextLoader = 'org.springframework.boot.test.context.SpringBootContextLoader', parent = [null]], attributes = map['org.springframework.test.context.web.ServletTestExecutionListener.activateListener' -> true, 'org.springframework.test.context.web.ServletTestExecutionListener.populatedRequestContextHolder' -> true, 'org.springframework.test.context.web.ServletTestExecutionListener.resetRequestContextHolder' -> true, 'org.springframework.test.context.event.ApplicationEventsTestExecutionListener.recordApplicationEvents' -> false]]
2024-03-23 11:01:04.763  INFO 3120 --- [    Test worker] o.s.t.c.transaction.TransactionContext   : Began transaction (1) for test context [DefaultTestContext@613ba54e testClass = DatabaseTestSuite, testInstance = com.nbp.NBP.databaseTest.DatabaseTestSuite@fdfd984, testMethod = testForSortByName@DatabaseTestSuite, testException = [null], mergedContextConfiguration = [WebMergedContextConfiguration@7205a8b7 testClass = DatabaseTestSuite, locations = '{}', classes = '{class com.nbp.NBP.NbpApplication}', contextInitializerClasses = '[]', activeProfiles = '{}', propertySourceLocations = '{}', propertySourceProperties = '{org.springframework.boot.test.context.SpringBootTestContextBootstrapper=true}', contextCustomizers = set[org.springframework.boot.test.autoconfigure.actuate.metrics.MetricsExportContextCustomizerFactory$DisableMetricExportContextCustomizer@6bca7e0d, org.springframework.boot.test.autoconfigure.properties.PropertyMappingContextCustomizer@0, org.springframework.boot.test.autoconfigure.web.servlet.WebDriverContextCustomizerFactory$Customizer@1f3f02ee, org.springframework.boot.test.context.filter.ExcludeFilterContextCustomizer@7b94089b, org.springframework.boot.test.json.DuplicateJsonObjectContextCustomizerFactory$DuplicateJsonObjectContextCustomizer@561868a0, org.springframework.boot.test.mock.mockito.MockitoContextCustomizer@0, org.springframework.boot.test.web.client.TestRestTemplateContextCustomizer@5a18cd76, org.springframework.boot.test.context.SpringBootTestArgs@1, org.springframework.boot.test.context.SpringBootTestWebEnvironment@10163d6], resourceBasePath = 'src/main/webapp', contextLoader = 'org.springframework.boot.test.context.SpringBootContextLoader', parent = [null]], attributes = map['org.springframework.test.context.web.ServletTestExecutionListener.activateListener' -> true, 'org.springframework.test.context.web.ServletTestExecutionListener.populatedRequestContextHolder' -> true, 'org.springframework.test.context.web.ServletTestExecutionListener.resetRequestContextHolder' -> true, 'org.springframework.test.context.event.ApplicationEventsTestExecutionListener.recordApplicationEvents' -> false]]; transaction manager [org.springframework.orm.jpa.JpaTransactionManager@7f39ad3f]; rollback [true]
2023-01-03
2024-03-23 11:01:04.799  INFO 3120 --- [    Test worker] com.nbp.NBP.service.NbpService           : {"table":"C","currency":"dolar amerykański","code":"USD","rates":[{"no":"002/C/NBP/2023","effectiveDate":"2023-01-03","bid":4.3358,"ask":4.4234}]}
2023-01-03
2024-03-23 11:01:04.878  INFO 3120 --- [    Test worker] com.nbp.NBP.service.NbpService           : {"table":"C","currency":"dolar amerykański","code":"USD","rates":[{"no":"002/C/NBP/2023","effectiveDate":"2023-01-03","bid":4.3358,"ask":4.4234}]}
2023-01-03
2024-03-23 11:01:04.956  INFO 3120 --- [    Test worker] com.nbp.NBP.service.NbpService           : {"table":"C","currency":"dolar amerykański","code":"USD","rates":[{"no":"002/C/NBP/2023","effectiveDate":"2023-01-03","bid":4.3358,"ask":4.4234}]}
2023-01-10
2024-03-23 11:01:05.035  INFO 3120 --- [    Test worker] com.nbp.NBP.service.NbpService           : {"table":"C","currency":"dolar amerykański","code":"USD","rates":[{"no":"006/C/NBP/2023","effectiveDate":"2023-01-10","bid":4.3321,"ask":4.4197}]}
2023-01-10
2024-03-23 11:01:05.112  INFO 3120 --- [    Test worker] com.nbp.NBP.service.NbpService           : {"table":"C","currency":"dolar amerykański","code":"USD","rates":[{"no":"006/C/NBP/2023","effectiveDate":"2023-01-10","bid":4.3321,"ask":4.4197}]}
2023-01-10
2024-03-23 11:01:05.188  INFO 3120 --- [    Test worker] com.nbp.NBP.service.NbpService           : {"table":"C","currency":"dolar amerykański","code":"USD","rates":[{"no":"006/C/NBP/2023","effectiveDate":"2023-01-10","bid":4.3321,"ask":4.4197}]}
Item(id=14, name=Dell, postingDate=2023-01-03, costUsd=345.0, costPln=1495.85)
Item(id=15, name=Samsung, postingDate=2023-01-03, costUsd=543.0, costPln=2354.34)
Item(id=16, name=Acer, postingDate=2023-01-03, costUsd=346.0, costPln=1500.19)
Item(id=17, name=Dell, postingDate=2023-01-10, costUsd=345.0, costPln=1494.57)
Item(id=18, name=Samsung, postingDate=2023-01-10, costUsd=543.0, costPln=2352.33)
Item(id=19, name=Acer, postingDate=2023-01-10, costUsd=346.0, costPln=1498.91)
ItemDto(id=16, name=Acer, postingDate=2023-01-03, costUsd=346.0, costPln=1500.19)
ItemDto(id=19, name=Acer, postingDate=2023-01-10, costUsd=346.0, costPln=1498.91)
ItemDto(id=14, name=Dell, postingDate=2023-01-03, costUsd=345.0, costPln=1495.85)
ItemDto(id=17, name=Dell, postingDate=2023-01-10, costUsd=345.0, costPln=1494.57)
ItemDto(id=15, name=Samsung, postingDate=2023-01-03, costUsd=543.0, costPln=2354.34)
ItemDto(id=18, name=Samsung, postingDate=2023-01-10, costUsd=543.0, costPln=2352.33)
2024-03-23 11:01:05.233  INFO 3120 --- [    Test worker] o.s.t.c.transaction.TransactionContext   : Rolled back transaction for test: [DefaultTestContext@613ba54e testClass = DatabaseTestSuite, testInstance = com.nbp.NBP.databaseTest.DatabaseTestSuite@fdfd984, testMethod = testForSortByName@DatabaseTestSuite, testException = [null], mergedContextConfiguration = [WebMergedContextConfiguration@7205a8b7 testClass = DatabaseTestSuite, locations = '{}', classes = '{class com.nbp.NBP.NbpApplication}', contextInitializerClasses = '[]', activeProfiles = '{}', propertySourceLocations = '{}', propertySourceProperties = '{org.springframework.boot.test.context.SpringBootTestContextBootstrapper=true}', contextCustomizers = set[org.springframework.boot.test.autoconfigure.actuate.metrics.MetricsExportContextCustomizerFactory$DisableMetricExportContextCustomizer@6bca7e0d, org.springframework.boot.test.autoconfigure.properties.PropertyMappingContextCustomizer@0, org.springframework.boot.test.autoconfigure.web.servlet.WebDriverContextCustomizerFactory$Customizer@1f3f02ee, org.springframework.boot.test.context.filter.ExcludeFilterContextCustomizer@7b94089b, org.springframework.boot.test.json.DuplicateJsonObjectContextCustomizerFactory$DuplicateJsonObjectContextCustomizer@561868a0, org.springframework.boot.test.mock.mockito.MockitoContextCustomizer@0, org.springframework.boot.test.web.client.TestRestTemplateContextCustomizer@5a18cd76, org.springframework.boot.test.context.SpringBootTestArgs@1, org.springframework.boot.test.context.SpringBootTestWebEnvironment@10163d6], resourceBasePath = 'src/main/webapp', contextLoader = 'org.springframework.boot.test.context.SpringBootContextLoader', parent = [null]], attributes = map['org.springframework.test.context.web.ServletTestExecutionListener.activateListener' -> true, 'org.springframework.test.context.web.ServletTestExecutionListener.populatedRequestContextHolder' -> true, 'org.springframework.test.context.web.ServletTestExecutionListener.resetRequestContextHolder' -> true, 'org.springframework.test.context.event.ApplicationEventsTestExecutionListener.recordApplicationEvents' -> false]]
2024-03-23 11:01:05.234  INFO 3120 --- [    Test worker] o.s.t.c.transaction.TransactionContext   : Began transaction (1) for test context [DefaultTestContext@613ba54e testClass = DatabaseTestSuite, testInstance = com.nbp.NBP.databaseTest.DatabaseTestSuite@3f0c2eff, testMethod = testForGetByAnyString@DatabaseTestSuite, testException = [null], mergedContextConfiguration = [WebMergedContextConfiguration@7205a8b7 testClass = DatabaseTestSuite, locations = '{}', classes = '{class com.nbp.NBP.NbpApplication}', contextInitializerClasses = '[]', activeProfiles = '{}', propertySourceLocations = '{}', propertySourceProperties = '{org.springframework.boot.test.context.SpringBootTestContextBootstrapper=true}', contextCustomizers = set[org.springframework.boot.test.autoconfigure.actuate.metrics.MetricsExportContextCustomizerFactory$DisableMetricExportContextCustomizer@6bca7e0d, org.springframework.boot.test.autoconfigure.properties.PropertyMappingContextCustomizer@0, org.springframework.boot.test.autoconfigure.web.servlet.WebDriverContextCustomizerFactory$Customizer@1f3f02ee, org.springframework.boot.test.context.filter.ExcludeFilterContextCustomizer@7b94089b, org.springframework.boot.test.json.DuplicateJsonObjectContextCustomizerFactory$DuplicateJsonObjectContextCustomizer@561868a0, org.springframework.boot.test.mock.mockito.MockitoContextCustomizer@0, org.springframework.boot.test.web.client.TestRestTemplateContextCustomizer@5a18cd76, org.springframework.boot.test.context.SpringBootTestArgs@1, org.springframework.boot.test.context.SpringBootTestWebEnvironment@10163d6], resourceBasePath = 'src/main/webapp', contextLoader = 'org.springframework.boot.test.context.SpringBootContextLoader', parent = [null]], attributes = map['org.springframework.test.context.web.ServletTestExecutionListener.activateListener' -> true, 'org.springframework.test.context.web.ServletTestExecutionListener.populatedRequestContextHolder' -> true, 'org.springframework.test.context.web.ServletTestExecutionListener.resetRequestContextHolder' -> true, 'org.springframework.test.context.event.ApplicationEventsTestExecutionListener.recordApplicationEvents' -> false]]; transaction manager [org.springframework.orm.jpa.JpaTransactionManager@7f39ad3f]; rollback [true]
2023-01-03
2024-03-23 11:01:05.273  INFO 3120 --- [    Test worker] com.nbp.NBP.service.NbpService           : {"table":"C","currency":"dolar amerykański","code":"USD","rates":[{"no":"002/C/NBP/2023","effectiveDate":"2023-01-03","bid":4.3358,"ask":4.4234}]}
2023-01-03
2024-03-23 11:01:05.353  INFO 3120 --- [    Test worker] com.nbp.NBP.service.NbpService           : {"table":"C","currency":"dolar amerykański","code":"USD","rates":[{"no":"002/C/NBP/2023","effectiveDate":"2023-01-03","bid":4.3358,"ask":4.4234}]}
2023-01-03
2024-03-23 11:01:05.431  INFO 3120 --- [    Test worker] com.nbp.NBP.service.NbpService           : {"table":"C","currency":"dolar amerykański","code":"USD","rates":[{"no":"002/C/NBP/2023","effectiveDate":"2023-01-03","bid":4.3358,"ask":4.4234}]}
2023-01-10
2024-03-23 11:01:05.507  INFO 3120 --- [    Test worker] com.nbp.NBP.service.NbpService           : {"table":"C","currency":"dolar amerykański","code":"USD","rates":[{"no":"006/C/NBP/2023","effectiveDate":"2023-01-10","bid":4.3321,"ask":4.4197}]}
2023-01-10
2024-03-23 11:01:05.587  INFO 3120 --- [    Test worker] com.nbp.NBP.service.NbpService           : {"table":"C","currency":"dolar amerykański","code":"USD","rates":[{"no":"006/C/NBP/2023","effectiveDate":"2023-01-10","bid":4.3321,"ask":4.4197}]}
2023-01-10
2024-03-23 11:01:05.669  INFO 3120 --- [    Test worker] com.nbp.NBP.service.NbpService           : {"table":"C","currency":"dolar amerykański","code":"USD","rates":[{"no":"006/C/NBP/2023","effectiveDate":"2023-01-10","bid":4.3321,"ask":4.4197}]}
ItemDto(id=20, name=Dell, postingDate=2023-01-03, costUsd=345.0, costPln=1495.85)
ItemDto(id=22, name=Acer, postingDate=2023-01-03, costUsd=346.0, costPln=1500.19)
ItemDto(id=23, name=Dell, postingDate=2023-01-10, costUsd=345.0, costPln=1494.57)
ItemDto(id=25, name=Acer, postingDate=2023-01-10, costUsd=346.0, costPln=1498.91)
2024-03-23 11:01:05.717  INFO 3120 --- [    Test worker] o.s.t.c.transaction.TransactionContext   : Rolled back transaction for test: [DefaultTestContext@613ba54e testClass = DatabaseTestSuite, testInstance = com.nbp.NBP.databaseTest.DatabaseTestSuite@3f0c2eff, testMethod = testForGetByAnyString@DatabaseTestSuite, testException = [null], mergedContextConfiguration = [WebMergedContextConfiguration@7205a8b7 testClass = DatabaseTestSuite, locations = '{}', classes = '{class com.nbp.NBP.NbpApplication}', contextInitializerClasses = '[]', activeProfiles = '{}', propertySourceLocations = '{}', propertySourceProperties = '{org.springframework.boot.test.context.SpringBootTestContextBootstrapper=true}', contextCustomizers = set[org.springframework.boot.test.autoconfigure.actuate.metrics.MetricsExportContextCustomizerFactory$DisableMetricExportContextCustomizer@6bca7e0d, org.springframework.boot.test.autoconfigure.properties.PropertyMappingContextCustomizer@0, org.springframework.boot.test.autoconfigure.web.servlet.WebDriverContextCustomizerFactory$Customizer@1f3f02ee, org.springframework.boot.test.context.filter.ExcludeFilterContextCustomizer@7b94089b, org.springframework.boot.test.json.DuplicateJsonObjectContextCustomizerFactory$DuplicateJsonObjectContextCustomizer@561868a0, org.springframework.boot.test.mock.mockito.MockitoContextCustomizer@0, org.springframework.boot.test.web.client.TestRestTemplateContextCustomizer@5a18cd76, org.springframework.boot.test.context.SpringBootTestArgs@1, org.springframework.boot.test.context.SpringBootTestWebEnvironment@10163d6], resourceBasePath = 'src/main/webapp', contextLoader = 'org.springframework.boot.test.context.SpringBootContextLoader', parent = [null]], attributes = map['org.springframework.test.context.web.ServletTestExecutionListener.activateListener' -> true, 'org.springframework.test.context.web.ServletTestExecutionListener.populatedRequestContextHolder' -> true, 'org.springframework.test.context.web.ServletTestExecutionListener.resetRequestContextHolder' -> true, 'org.springframework.test.context.event.ApplicationEventsTestExecutionListener.recordApplicationEvents' -> false]]
]]></system-out>
  <system-err><![CDATA[]]></system-err>
</testsuite>
